build/app/intermediates/manifest_merge_blame_file/release/manifest-merger-blame-release-report.txt
1<?xml version="1.0" encoding="utf-8"?>
2<manifest xmlns:android="http://schemas.android.com/apk/res/android"
3    package="com.example.backspace"
4    android:versionCode="1"
5    android:versionName="1.0.0" >
6
7    <uses-sdk
8        android:minSdkVersion="21"
8-->src\main\AndroidManifest.xml
9        android:targetSdkVersion="33" />
9-->src\main\AndroidManifest.xml
10
11    <uses-permission android:name="android.permission.WRITE_EXTERNAL_STORAGE" />
11-->src\main\AndroidManifest.xml:3:1-76
11-->src\main\AndroidManifest.xml:3:18-74
12    <!-- internet permission -->
13    <uses-permission android:name="android.permission.INTERNET" />
13-->src\main\AndroidManifest.xml:5:5-67
13-->src\main\AndroidManifest.xml:5:22-64
14    <uses-permission android:name="android.permission.WAKE_LOCK" />
14-->[:firebase_messaging] AndroidManifest.xml:10:5-68
14-->[:firebase_messaging] AndroidManifest.xml:10:22-65
15    <uses-permission android:name="android.permission.ACCESS_NETWORK_STATE" /> <!-- Permissions options for the `notification` group -->
15-->[:firebase_messaging] AndroidManifest.xml:11:5-79
15-->[:firebase_messaging] AndroidManifest.xml:11:22-76
16    <uses-permission android:name="android.permission.POST_NOTIFICATIONS" /> <!-- Required by older versions of Google Play services to create IID tokens -->
16-->[:firebase_messaging] AndroidManifest.xml:13:5-77
16-->[:firebase_messaging] AndroidManifest.xml:13:22-74
17    <uses-permission android:name="com.google.android.c2dm.permission.RECEIVE" />
17-->[com.google.firebase:firebase-messaging:23.1.2] AndroidManifest.xml:28:5-82
17-->[com.google.firebase:firebase-messaging:23.1.2] AndroidManifest.xml:28:22-79
18
19    <permission
19-->[androidx.core:core:1.9.0] AndroidManifest.xml:22:5-24:47
20        android:name="com.example.backspace.DYNAMIC_RECEIVER_NOT_EXPORTED_PERMISSION"
20-->[androidx.core:core:1.9.0] AndroidManifest.xml:23:9-81
21        android:protectionLevel="signature" />
21-->[androidx.core:core:1.9.0] AndroidManifest.xml:24:9-44
22
23    <uses-permission android:name="com.example.backspace.DYNAMIC_RECEIVER_NOT_EXPORTED_PERMISSION" />
23-->[androidx.core:core:1.9.0] AndroidManifest.xml:26:5-97
23-->[androidx.core:core:1.9.0] AndroidManifest.xml:26:22-94
24
25    <application
26        android:name="io.flutter.app.FlutterMultiDexApplication"
26-->src\main\AndroidManifest.xml:9:9-42
27        android:appComponentFactory="androidx.core.app.CoreComponentFactory"
27-->[androidx.core:core:1.9.0] AndroidManifest.xml:28:18-86
28        android:icon="@mipmap/ic_launcher"
28-->src\main\AndroidManifest.xml:10:9-43
29        android:label="BackSpace" >
29-->src\main\AndroidManifest.xml:8:9-34
30        <activity
30-->src\main\AndroidManifest.xml:11:9-32:20
31            android:name="com.example.backspace.MainActivity"
31-->src\main\AndroidManifest.xml:12:13-41
32            android:configChanges="orientation|keyboardHidden|keyboard|screenSize|smallestScreenSize|locale|layoutDirection|fontScale|screenLayout|density|uiMode"
32-->src\main\AndroidManifest.xml:17:13-163
33            android:exported="true"
33-->src\main\AndroidManifest.xml:13:13-36
34            android:hardwareAccelerated="true"
34-->src\main\AndroidManifest.xml:18:13-47
35            android:launchMode="singleTop"
35-->src\main\AndroidManifest.xml:15:13-43
36            android:requestLegacyExternalStorage="true"
36-->src\main\AndroidManifest.xml:14:13-56
37            android:theme="@style/LaunchTheme"
37-->src\main\AndroidManifest.xml:16:13-47
38            android:windowSoftInputMode="adjustResize" >
38-->src\main\AndroidManifest.xml:19:13-55
39
40            <!--
41                 Specifies an Android theme to apply to this Activity as soon as
42                 the Android process has started. This theme is visible to the user
43                 while the Flutter UI initializes. After that, this theme continues
44                 to determine the Window background behind the Flutter UI.
45            -->
46            <meta-data
46-->src\main\AndroidManifest.xml:24:13-27:17
47                android:name="io.flutter.embedding.android.NormalTheme"
47-->src\main\AndroidManifest.xml:25:15-70
48                android:resource="@style/NormalTheme" />
48-->src\main\AndroidManifest.xml:26:15-52
49
50            <intent-filter>
50-->src\main\AndroidManifest.xml:28:13-31:29
51                <action android:name="android.intent.action.MAIN" />
51-->src\main\AndroidManifest.xml:29:17-68
51-->src\main\AndroidManifest.xml:29:25-66
52
53                <category android:name="android.intent.category.LAUNCHER" />
53-->src\main\AndroidManifest.xml:30:17-76
53-->src\main\AndroidManifest.xml:30:27-74
54            </intent-filter>
55        </activity>
56        <!--
57             Don't delete the meta-data below.
58             This is used by the Flutter tool to generate GeneratedPluginRegistrant.java
59        -->
60        <meta-data
60-->src\main\AndroidManifest.xml:35:9-37:33
61            android:name="flutterEmbedding"
61-->src\main\AndroidManifest.xml:36:13-44
62            android:value="2" />
62-->src\main\AndroidManifest.xml:37:13-30
63
64        <service
64-->[:cloud_firestore] AndroidManifest.xml:10:9-14:19
65            android:name="com.google.firebase.components.ComponentDiscoveryService"
65-->[:cloud_firestore] AndroidManifest.xml:10:18-89
66            android:directBootAware="true"
66-->[com.google.firebase:firebase-common:20.3.2] AndroidManifest.xml:34:13-43
67            android:exported="false" >
67-->[com.google.firebase:firebase-auth:21.3.0] AndroidManifest.xml:68:13-37
68            <meta-data
68-->[:cloud_firestore] AndroidManifest.xml:11:13-13:85
69                android:name="com.google.firebase.components:io.flutter.plugins.firebase.firestore.FlutterFirebaseFirestoreRegistrar"
69-->[:cloud_firestore] AndroidManifest.xml:12:17-134
70                android:value="com.google.firebase.components.ComponentRegistrar" />
70-->[:cloud_firestore] AndroidManifest.xml:13:17-82
71            <meta-data
71-->[:firebase_auth] AndroidManifest.xml:11:13-13:85
72                android:name="com.google.firebase.components:io.flutter.plugins.firebase.auth.FlutterFirebaseAuthRegistrar"
72-->[:firebase_auth] AndroidManifest.xml:12:17-124
73                android:value="com.google.firebase.components.ComponentRegistrar" />
73-->[:firebase_auth] AndroidManifest.xml:13:17-82
74            <meta-data
74-->[:firebase_storage] AndroidManifest.xml:11:13-13:85
75                android:name="com.google.firebase.components:io.flutter.plugins.firebase.storage.FlutterFirebaseAppRegistrar"
75-->[:firebase_storage] AndroidManifest.xml:12:17-126
76                android:value="com.google.firebase.components.ComponentRegistrar" />
76-->[:firebase_storage] AndroidManifest.xml:13:17-82
77            <meta-data
77-->[:firebase_messaging] AndroidManifest.xml:38:13-40:85
78                android:name="com.google.firebase.components:io.flutter.plugins.firebase.messaging.FlutterFirebaseAppRegistrar"
78-->[:firebase_messaging] AndroidManifest.xml:39:17-128
79                android:value="com.google.firebase.components.ComponentRegistrar" />
79-->[:firebase_messaging] AndroidManifest.xml:40:17-82
80            <meta-data
80-->[:firebase_core] AndroidManifest.xml:11:13-13:85
81                android:name="com.google.firebase.components:io.flutter.plugins.firebase.core.FlutterFirebaseCoreRegistrar"
81-->[:firebase_core] AndroidManifest.xml:12:17-124
82                android:value="com.google.firebase.components.ComponentRegistrar" />
82-->[:firebase_core] AndroidManifest.xml:13:17-82
83            <meta-data
83-->[com.google.firebase:firebase-auth:21.3.0] AndroidManifest.xml:69:13-71:85
84                android:name="com.google.firebase.components:com.google.firebase.auth.FirebaseAuthRegistrar"
84-->[com.google.firebase:firebase-auth:21.3.0] AndroidManifest.xml:70:17-109
85                android:value="com.google.firebase.components.ComponentRegistrar" />
85-->[com.google.firebase:firebase-auth:21.3.0] AndroidManifest.xml:71:17-82
86            <meta-data
86-->[com.google.firebase:firebase-firestore:24.5.0] AndroidManifest.xml:19:13-21:85
87                android:name="com.google.firebase.components:com.google.firebase.firestore.FirestoreRegistrar"
87-->[com.google.firebase:firebase-firestore:24.5.0] AndroidManifest.xml:20:17-111
88                android:value="com.google.firebase.components.ComponentRegistrar" />
88-->[com.google.firebase:firebase-firestore:24.5.0] AndroidManifest.xml:21:17-82
89            <meta-data
89-->[com.google.firebase:firebase-messaging:23.1.2] AndroidManifest.xml:55:13-57:85
90                android:name="com.google.firebase.components:com.google.firebase.messaging.FirebaseMessagingRegistrar"
90-->[com.google.firebase:firebase-messaging:23.1.2] AndroidManifest.xml:56:17-119
91                android:value="com.google.firebase.components.ComponentRegistrar" />
91-->[com.google.firebase:firebase-messaging:23.1.2] AndroidManifest.xml:57:17-82
92            <meta-data
92-->[com.google.firebase:firebase-storage:20.1.0] AndroidManifest.xml:32:13-34:85
93                android:name="com.google.firebase.components:com.google.firebase.storage.StorageRegistrar"
93-->[com.google.firebase:firebase-storage:20.1.0] AndroidManifest.xml:33:17-107
94                android:value="com.google.firebase.components.ComponentRegistrar" />
94-->[com.google.firebase:firebase-storage:20.1.0] AndroidManifest.xml:34:17-82
95            <meta-data
95-->[com.google.firebase:firebase-iid:21.1.0] AndroidManifest.xml:32:13-34:85
96                android:name="com.google.firebase.components:com.google.firebase.iid.Registrar"
96-->[com.google.firebase:firebase-iid:21.1.0] AndroidManifest.xml:33:17-96
97                android:value="com.google.firebase.components.ComponentRegistrar" />
97-->[com.google.firebase:firebase-iid:21.1.0] AndroidManifest.xml:34:17-82
98            <meta-data
98-->[com.google.firebase:firebase-installations:17.1.3] AndroidManifest.xml:17:13-19:85
99                android:name="com.google.firebase.components:com.google.firebase.installations.FirebaseInstallationsRegistrar"
99-->[com.google.firebase:firebase-installations:17.1.3] AndroidManifest.xml:18:17-127
100                android:value="com.google.firebase.components.ComponentRegistrar" />
100-->[com.google.firebase:firebase-installations:17.1.3] AndroidManifest.xml:19:17-82
101            <meta-data
101-->[com.google.firebase:firebase-datatransport:18.1.7] AndroidManifest.xml:27:13-29:85
102                android:name="com.google.firebase.components:com.google.firebase.datatransport.TransportRegistrar"
102-->[com.google.firebase:firebase-datatransport:18.1.7] AndroidManifest.xml:28:17-115
103                android:value="com.google.firebase.components.ComponentRegistrar" />
103-->[com.google.firebase:firebase-datatransport:18.1.7] AndroidManifest.xml:29:17-82
104        </service>
105        <service
105-->[:firebase_messaging] AndroidManifest.xml:16:9-19:72
106            android:name="io.flutter.plugins.firebase.messaging.FlutterFirebaseMessagingBackgroundService"
106-->[:firebase_messaging] AndroidManifest.xml:17:13-107
107            android:exported="false"
107-->[:firebase_messaging] AndroidManifest.xml:18:13-37
108            android:permission="android.permission.BIND_JOB_SERVICE" />
108-->[:firebase_messaging] AndroidManifest.xml:19:13-69
109        <service
109-->[:firebase_messaging] AndroidManifest.xml:20:9-26:19
110            android:name="io.flutter.plugins.firebase.messaging.FlutterFirebaseMessagingService"
110-->[:firebase_messaging] AndroidManifest.xml:21:13-97
111            android:exported="false" >
111-->[:firebase_messaging] AndroidManifest.xml:22:13-37
112            <intent-filter>
112-->[:firebase_messaging] AndroidManifest.xml:23:13-25:29
113                <action android:name="com.google.firebase.MESSAGING_EVENT" />
113-->[:firebase_messaging] AndroidManifest.xml:24:17-78
113-->[:firebase_messaging] AndroidManifest.xml:24:25-75
114            </intent-filter>
115        </service>
116
117        <receiver
117-->[:firebase_messaging] AndroidManifest.xml:28:9-35:20
118            android:name="io.flutter.plugins.firebase.messaging.FlutterFirebaseMessagingReceiver"
118-->[:firebase_messaging] AndroidManifest.xml:29:13-98
119            android:exported="true"
119-->[:firebase_messaging] AndroidManifest.xml:30:13-36
120            android:permission="com.google.android.c2dm.permission.SEND" >
120-->[:firebase_messaging] AndroidManifest.xml:31:13-73
121            <intent-filter>
121-->[:firebase_messaging] AndroidManifest.xml:32:13-34:29
122                <action android:name="com.google.android.c2dm.intent.RECEIVE" />
122-->[:firebase_messaging] AndroidManifest.xml:33:17-81
122-->[:firebase_messaging] AndroidManifest.xml:33:25-78
123            </intent-filter>
124        </receiver>
125
126        <provider
126-->[:firebase_messaging] AndroidManifest.xml:43:9-47:38
127            android:name="io.flutter.plugins.firebase.messaging.FlutterFirebaseMessagingInitProvider"
127-->[:firebase_messaging] AndroidManifest.xml:44:13-102
128            android:authorities="com.example.backspace.flutterfirebasemessaginginitprovider"
128-->[:firebase_messaging] AndroidManifest.xml:45:13-88
129            android:exported="false"
129-->[:firebase_messaging] AndroidManifest.xml:46:13-37
130            android:initOrder="99" />
130-->[:firebase_messaging] AndroidManifest.xml:47:13-35
131        <provider
131-->[:image_picker_android] AndroidManifest.xml:10:9-18:20
132            android:name="io.flutter.plugins.imagepicker.ImagePickerFileProvider"
132-->[:image_picker_android] AndroidManifest.xml:11:13-82
133            android:authorities="com.example.backspace.flutter.image_provider"
133-->[:image_picker_android] AndroidManifest.xml:12:13-74
134            android:exported="false"
134-->[:image_picker_android] AndroidManifest.xml:13:13-37
135            android:grantUriPermissions="true" >
135-->[:image_picker_android] AndroidManifest.xml:14:13-47
136            <meta-data
136-->[:image_picker_android] AndroidManifest.xml:15:13-17:75
137                android:name="android.support.FILE_PROVIDER_PATHS"
137-->[:image_picker_android] AndroidManifest.xml:16:17-67
138                android:resource="@xml/flutter_image_picker_file_paths" />
138-->[:image_picker_android] AndroidManifest.xml:17:17-72
139        </provider>
140
141        <activity
141-->[com.google.android.gms:play-services-auth:20.5.0] AndroidManifest.xml:23:9-27:75
142            android:name="com.google.android.gms.auth.api.signin.internal.SignInHubActivity"
142-->[com.google.android.gms:play-services-auth:20.5.0] AndroidManifest.xml:24:13-93
143            android:excludeFromRecents="true"
143-->[com.google.android.gms:play-services-auth:20.5.0] AndroidManifest.xml:25:13-46
144            android:exported="false"
144-->[com.google.android.gms:play-services-auth:20.5.0] AndroidManifest.xml:26:13-37
145            android:theme="@android:style/Theme.Translucent.NoTitleBar" />
145-->[com.google.android.gms:play-services-auth:20.5.0] AndroidManifest.xml:27:13-72
146        <!--
147            Service handling Google Sign-In user revocation. For apps that do not integrate with
148            Google Sign-In, this service will never be started.
149        -->
150        <service
150-->[com.google.android.gms:play-services-auth:20.5.0] AndroidManifest.xml:33:9-37:51
151            android:name="com.google.android.gms.auth.api.signin.RevocationBoundService"
151-->[com.google.android.gms:play-services-auth:20.5.0] AndroidManifest.xml:34:13-89
152            android:exported="true"
152-->[com.google.android.gms:play-services-auth:20.5.0] AndroidManifest.xml:35:13-36
153            android:permission="com.google.android.gms.auth.api.signin.permission.REVOCATION_NOTIFICATION"
153-->[com.google.android.gms:play-services-auth:20.5.0] AndroidManifest.xml:36:13-107
154            android:visibleToInstantApps="true" />
154-->[com.google.android.gms:play-services-auth:20.5.0] AndroidManifest.xml:37:13-48
155
156        <activity
156-->[com.google.firebase:firebase-auth:21.3.0] AndroidManifest.xml:29:9-46:20
157            android:name="com.google.firebase.auth.internal.GenericIdpActivity"
157-->[com.google.firebase:firebase-auth:21.3.0] AndroidManifest.xml:30:13-80
158            android:excludeFromRecents="true"
158-->[com.google.firebase:firebase-auth:21.3.0] AndroidManifest.xml:31:13-46
159            android:exported="true"
159-->[com.google.firebase:firebase-auth:21.3.0] AndroidManifest.xml:32:13-36
160            android:launchMode="singleTask"
160-->[com.google.firebase:firebase-auth:21.3.0] AndroidManifest.xml:33:13-44
161            android:theme="@android:style/Theme.Translucent.NoTitleBar" >
161-->[com.google.firebase:firebase-auth:21.3.0] AndroidManifest.xml:34:13-72
162            <intent-filter>
162-->[com.google.firebase:firebase-auth:21.3.0] AndroidManifest.xml:35:13-45:29
163                <action android:name="android.intent.action.VIEW" />
163-->[com.google.firebase:firebase-auth:21.3.0] AndroidManifest.xml:36:17-69
163-->[com.google.firebase:firebase-auth:21.3.0] AndroidManifest.xml:36:25-66
164
165                <category android:name="android.intent.category.DEFAULT" />
165-->[com.google.firebase:firebase-auth:21.3.0] AndroidManifest.xml:38:17-76
165-->[com.google.firebase:firebase-auth:21.3.0] AndroidManifest.xml:38:27-73
166                <category android:name="android.intent.category.BROWSABLE" />
166-->[com.google.firebase:firebase-auth:21.3.0] AndroidManifest.xml:39:17-78
166-->[com.google.firebase:firebase-auth:21.3.0] AndroidManifest.xml:39:27-75
167
168                <data
168-->[com.google.firebase:firebase-auth:21.3.0] AndroidManifest.xml:41:17-44:51
169                    android:host="firebase.auth"
169-->[com.google.firebase:firebase-auth:21.3.0] AndroidManifest.xml:42:21-49
170                    android:path="/"
170-->[com.google.firebase:firebase-auth:21.3.0] AndroidManifest.xml:43:21-37
171                    android:scheme="genericidp" />
171-->[com.google.firebase:firebase-auth:21.3.0] AndroidManifest.xml:44:21-48
172            </intent-filter>
173        </activity>
174        <activity
174-->[com.google.firebase:firebase-auth:21.3.0] AndroidManifest.xml:47:9-64:20
175            android:name="com.google.firebase.auth.internal.RecaptchaActivity"
175-->[com.google.firebase:firebase-auth:21.3.0] AndroidManifest.xml:48:13-79
176            android:excludeFromRecents="true"
176-->[com.google.firebase:firebase-auth:21.3.0] AndroidManifest.xml:49:13-46
177            android:exported="true"
177-->[com.google.firebase:firebase-auth:21.3.0] AndroidManifest.xml:50:13-36
178            android:launchMode="singleTask"
178-->[com.google.firebase:firebase-auth:21.3.0] AndroidManifest.xml:51:13-44
179            android:theme="@android:style/Theme.Translucent.NoTitleBar" >
179-->[com.google.firebase:firebase-auth:21.3.0] AndroidManifest.xml:52:13-72
180            <intent-filter>
180-->[com.google.firebase:firebase-auth:21.3.0] AndroidManifest.xml:53:13-63:29
181                <action android:name="android.intent.action.VIEW" />
181-->[com.google.firebase:firebase-auth:21.3.0] AndroidManifest.xml:36:17-69
181-->[com.google.firebase:firebase-auth:21.3.0] AndroidManifest.xml:36:25-66
182
183                <category android:name="android.intent.category.DEFAULT" />
183-->[com.google.firebase:firebase-auth:21.3.0] AndroidManifest.xml:38:17-76
183-->[com.google.firebase:firebase-auth:21.3.0] AndroidManifest.xml:38:27-73
184                <category android:name="android.intent.category.BROWSABLE" />
184-->[com.google.firebase:firebase-auth:21.3.0] AndroidManifest.xml:39:17-78
184-->[com.google.firebase:firebase-auth:21.3.0] AndroidManifest.xml:39:27-75
185
186                <data
186-->[com.google.firebase:firebase-auth:21.3.0] AndroidManifest.xml:41:17-44:51
187                    android:host="firebase.auth"
187-->[com.google.firebase:firebase-auth:21.3.0] AndroidManifest.xml:42:21-49
188                    android:path="/"
188-->[com.google.firebase:firebase-auth:21.3.0] AndroidManifest.xml:43:21-37
189                    android:scheme="recaptcha" />
189-->[com.google.firebase:firebase-auth:21.3.0] AndroidManifest.xml:44:21-48
190            </intent-filter>
191        </activity>
192
193        <receiver
193-->[com.google.firebase:firebase-messaging:23.1.2] AndroidManifest.xml:31:9-38:20
194            android:name="com.google.firebase.iid.FirebaseInstanceIdReceiver"
194-->[com.google.firebase:firebase-messaging:23.1.2] AndroidManifest.xml:32:13-78
195            android:exported="true"
195-->[com.google.firebase:firebase-messaging:23.1.2] AndroidManifest.xml:33:13-36
196            android:permission="com.google.android.c2dm.permission.SEND" >
196-->[com.google.firebase:firebase-messaging:23.1.2] AndroidManifest.xml:34:13-73
197            <intent-filter>
197-->[:firebase_messaging] AndroidManifest.xml:32:13-34:29
198                <action android:name="com.google.android.c2dm.intent.RECEIVE" />
198-->[:firebase_messaging] AndroidManifest.xml:33:17-81
198-->[:firebase_messaging] AndroidManifest.xml:33:25-78
199            </intent-filter>
200        </receiver>
201        <!--
202             FirebaseMessagingService performs security checks at runtime,
203             but set to not exported to explicitly avoid allowing another app to call it.
204        -->
205        <service
205-->[com.google.firebase:firebase-messaging:23.1.2] AndroidManifest.xml:44:9-51:19
206            android:name="com.google.firebase.messaging.FirebaseMessagingService"
206-->[com.google.firebase:firebase-messaging:23.1.2] AndroidManifest.xml:45:13-82
207            android:directBootAware="true"
207-->[com.google.firebase:firebase-messaging:23.1.2] AndroidManifest.xml:46:13-43
208            android:exported="false" >
208-->[com.google.firebase:firebase-messaging:23.1.2] AndroidManifest.xml:47:13-37
209            <intent-filter android:priority="-500" >
209-->[:firebase_messaging] AndroidManifest.xml:23:13-25:29
210                <action android:name="com.google.firebase.MESSAGING_EVENT" />
210-->[:firebase_messaging] AndroidManifest.xml:24:17-78
210-->[:firebase_messaging] AndroidManifest.xml:24:25-75
211            </intent-filter>
212        </service>
213
214        <activity
214-->[com.google.android.gms:play-services-base:18.0.1] AndroidManifest.xml:20:9-22:45
215            android:name="com.google.android.gms.common.api.GoogleApiActivity"
215-->[com.google.android.gms:play-services-base:18.0.1] AndroidManifest.xml:20:19-85
216            android:exported="false"
216-->[com.google.android.gms:play-services-base:18.0.1] AndroidManifest.xml:22:19-43
217            android:theme="@android:style/Theme.Translucent.NoTitleBar" />
217-->[com.google.android.gms:play-services-base:18.0.1] AndroidManifest.xml:21:19-78
218
219        <provider
219-->[com.google.firebase:firebase-common:20.3.2] AndroidManifest.xml:25:9-30:39
220            android:name="com.google.firebase.provider.FirebaseInitProvider"
220-->[com.google.firebase:firebase-common:20.3.2] AndroidManifest.xml:26:13-77
221            android:authorities="com.example.backspace.firebaseinitprovider"
221-->[com.google.firebase:firebase-common:20.3.2] AndroidManifest.xml:27:13-72
222            android:directBootAware="true"
222-->[com.google.firebase:firebase-common:20.3.2] AndroidManifest.xml:28:13-43
223            android:exported="false"
223-->[com.google.firebase:firebase-common:20.3.2] AndroidManifest.xml:29:13-37
224            android:initOrder="100" />
224-->[com.google.firebase:firebase-common:20.3.2] AndroidManifest.xml:30:13-36
225
226        <meta-data
226-->[com.google.android.gms:play-services-basement:18.2.0] AndroidManifest.xml:21:9-23:69
227            android:name="com.google.android.gms.version"
227-->[com.google.android.gms:play-services-basement:18.2.0] AndroidManifest.xml:22:13-58
228            android:value="@integer/google_play_services_version" />
228-->[com.google.android.gms:play-services-basement:18.2.0] AndroidManifest.xml:23:13-66
229
230        <uses-library
230-->[androidx.window:window:1.0.0-beta04] AndroidManifest.xml:25:9-27:40
231            android:name="androidx.window.extensions"
231-->[androidx.window:window:1.0.0-beta04] AndroidManifest.xml:26:13-54
232            android:required="false" />
232-->[androidx.window:window:1.0.0-beta04] AndroidManifest.xml:27:13-37
233        <uses-library
233-->[androidx.window:window:1.0.0-beta04] AndroidManifest.xml:28:9-30:40
234            android:name="androidx.window.sidecar"
234-->[androidx.window:window:1.0.0-beta04] AndroidManifest.xml:29:13-51
235            android:required="false" />
235-->[androidx.window:window:1.0.0-beta04] AndroidManifest.xml:30:13-37
236
237        <service
237-->[com.google.android.datatransport:transport-backend-cct:3.1.8] AndroidManifest.xml:28:9-34:19
238            android:name="com.google.android.datatransport.runtime.backends.TransportBackendDiscovery"
238-->[com.google.android.datatransport:transport-backend-cct:3.1.8] AndroidManifest.xml:29:13-103
239            android:exported="false" >
239-->[com.google.android.datatransport:transport-backend-cct:3.1.8] AndroidManifest.xml:30:13-37
240            <meta-data
240-->[com.google.android.datatransport:transport-backend-cct:3.1.8] AndroidManifest.xml:31:13-33:39
241                android:name="backend:com.google.android.datatransport.cct.CctBackendFactory"
241-->[com.google.android.datatransport:transport-backend-cct:3.1.8] AndroidManifest.xml:32:17-94
242                android:value="cct" />
242-->[com.google.android.datatransport:transport-backend-cct:3.1.8] AndroidManifest.xml:33:17-36
243        </service>
244        <service
244-->[com.google.android.datatransport:transport-runtime:3.1.8] AndroidManifest.xml:26:9-30:19
245            android:name="com.google.android.datatransport.runtime.scheduling.jobscheduling.JobInfoSchedulerService"
245-->[com.google.android.datatransport:transport-runtime:3.1.8] AndroidManifest.xml:27:13-117
246            android:exported="false"
246-->[com.google.android.datatransport:transport-runtime:3.1.8] AndroidManifest.xml:28:13-37
247            android:permission="android.permission.BIND_JOB_SERVICE" >
247-->[com.google.android.datatransport:transport-runtime:3.1.8] AndroidManifest.xml:29:13-69
248        </service>
249
250        <receiver
250-->[com.google.android.datatransport:transport-runtime:3.1.8] AndroidManifest.xml:32:9-34:40
251            android:name="com.google.android.datatransport.runtime.scheduling.jobscheduling.AlarmManagerSchedulerBroadcastReceiver"
251-->[com.google.android.datatransport:transport-runtime:3.1.8] AndroidManifest.xml:33:13-132
252            android:exported="false" />
252-->[com.google.android.datatransport:transport-runtime:3.1.8] AndroidManifest.xml:34:13-37
253    </application>
254
255</manifest>